{"/Users/aion/Documents/Practice/general-bundle-tool/src/helpers/path-handler.ts": {"path":"/Users/aion/Documents/Practice/general-bundle-tool/src/helpers/path-handler.ts","statementMap":{"0":{"start":{"line":1,"column":1},"end":{"line":1,"column":34}},"1":{"start":{"line":3,"column":23},"end":{"line":10,"column":1}},"2":{"start":{"line":4,"column":10},"end":{"line":4,"column":12}},"3":{"start":{"line":5,"column":2},"end":{"line":5,"column":70}},"4":{"start":{"line":5,"column":25},"end":{"line":5,"column":70}},"5":{"start":{"line":6,"column":2},"end":{"line":8,"column":null}},"6":{"start":{"line":7,"column":4},"end":{"line":7,"column":24}},"7":{"start":{"line":9,"column":2},"end":{"line":9,"column":40}},"8":{"start":{"line":3,"column":13},"end":{"line":3,"column":23}}},"fnMap":{"0":{"name":"(anonymous_0)","decl":{"start":{"line":3,"column":23},"end":{"line":3,"column":24}},"loc":{"start":{"line":3,"column":73},"end":{"line":10,"column":1}}}},"branchMap":{"0":{"loc":{"start":{"line":5,"column":2},"end":{"line":5,"column":70}},"type":"if","locations":[{"start":{"line":5,"column":2},"end":{"line":5,"column":70}},{"start":{"line":5,"column":2},"end":{"line":5,"column":70}}]},"1":{"loc":{"start":{"line":6,"column":2},"end":{"line":8,"column":null}},"type":"if","locations":[{"start":{"line":6,"column":2},"end":{"line":8,"column":null}},{"start":{"line":6,"column":2},"end":{"line":8,"column":null}}]},"2":{"loc":{"start":{"line":6,"column":6},"end":{"line":6,"column":18}},"type":"binary-expr","locations":[{"start":{"line":6,"column":6},"end":{"line":6,"column":18}},{"start":{"line":6,"column":22},"end":{"line":6,"column":39}}]}},"s":{"0":1,"1":1,"2":2,"3":2,"4":0,"5":2,"6":1,"7":2,"8":1},"f":{"0":2},"b":{"0":[0,2],"1":[1,1],"2":[2,1]}}
}
